<?xml version="1.0" encoding="UTF-8"?>
<!-- Generated by org.testng.reporters.JUnitReportReporter -->
<testsuite hostname="DESKTOP-69UEU7E" failures="0" tests="1" name="TestClass.Verify_Login_Page" time="4.608" errors="0" timestamp="2023-01-19T17:52:05 IST" skipped="0">
  <testcase classname="TestClass.Verify_Login_Page" name="verifyLoginPage" time="4.608"/>
  <system-out/>
</testsuite> <!-- TestClass.Verify_Login_Page -->
