<?xml version="1.0" encoding="UTF-8"?>
<!-- Generated by org.testng.reporters.JUnitReportReporter -->
<testsuite hostname="DESKTOP-69UEU7E" failures="0" tests="1" name="TestClass.Verify_Home_Page" time="0.439" errors="0" timestamp="2023-01-19T17:52:05 IST" skipped="0">
  <testcase classname="TestClass.Verify_Home_Page" name="verifyHomePage" time="0.439"/>
  <system-out/>
</testsuite> <!-- TestClass.Verify_Home_Page -->
